<?xml version="1.0" encoding="UTF-8"?>
<testsuite xmlns:xsi="http://www.w3.org/2001/XMLSchema-instance" xsi:noNamespaceSchemaLocation="https://maven.apache.org/surefire/maven-surefire-plugin/xsd/surefire-test-report.xsd" version="3.0.2" name="es204.user_service.UserServiceIntegrationTest" time="11.965" tests="1" errors="0" skipped="0" failures="0">
  <properties>
[...]
</properties>
  <testcase name="healthEndpointRetorna200" classname="es204.user_service.UserServiceIntegrationTest" time="2.706">
    <system-out><![CDATA[21:56:12.246 [main] INFO org.springframework.test.context.support.AnnotationConfigContextLoaderUtils -- Could not detect default configuration classes for test class [es204.user_service.UserServiceIntegrationTest]: UserServiceIntegrationTest does not declare any static, non-private, non-final, nested classes annotated with @Configuration.
21:56:12.690 [main] INFO org.springframework.boot.test.context.SpringBootTestContextBootstrapper -- Found @SpringBootConfiguration es204.user_service.UserServiceApplication for test class es204.user_service.UserServiceIntegrationTest
21:56:13.282 [main] INFO org.springframework.boot.devtools.restart.RestartApplicationListener -- Restart disabled due to context in which it is running

  .   ____          _            __ _ _
 /\\ / ___'_ __ _ _(_)_ __  __ _ \ \ \ \
( ( )\___ | '_ | '_| | '_ \/ _` | \ \ \ \
 \\/  ___)| |_)| | | | | || (_| |  ) ) ) )
  '  |____| .__|_| |_|_| |_\__, | / / / /
 =========|_|==============|___/=/_/_/_/

 :: Spring Boot ::                (v3.5.6)

2025-10-29T21:56:14.161Z  INFO 25008 --- [user_service] [           main] e.u.UserServiceIntegrationTest           : Starting UserServiceIntegrationTest using Java 23.0.2 with PID 25008 (started by gonca in C:\mestrado\1ano\1semestre\es\group-project-es2526_204\slms-backend\user_service)
2025-10-29T21:56:14.164Z  INFO 25008 --- [user_service] [           main] e.u.UserServiceIntegrationTest           : No active profile set, falling back to 1 default profile: "default"
2025-10-29T21:56:17.652Z  INFO 25008 --- [user_service] [           main] o.s.b.w.embedded.tomcat.TomcatWebServer  : Tomcat initialized with port 0 (http)
2025-10-29T21:56:17.697Z  INFO 25008 --- [user_service] [           main] o.apache.catalina.core.StandardService   : Starting service [Tomcat]
2025-10-29T21:56:17.698Z  INFO 25008 --- [user_service] [           main] o.apache.catalina.core.StandardEngine    : Starting Servlet engine: [Apache Tomcat/10.1.46]
2025-10-29T21:56:17.847Z  INFO 25008 --- [user_service] [           main] o.a.c.c.C.[Tomcat].[localhost].[/]       : Initializing Spring embedded WebApplicationContext
2025-10-29T21:56:17.849Z  INFO 25008 --- [user_service] [           main] w.s.c.ServletWebServerApplicationContext : Root WebApplicationContext: initialization completed in 3628 ms
2025-10-29T21:56:19.047Z  INFO 25008 --- [user_service] [           main] o.s.b.a.e.web.EndpointLinksResolver      : Exposing 1 endpoint beneath base path '/actuator'
2025-10-29T21:56:20.658Z  INFO 25008 --- [user_service] [           main] o.s.b.w.embedded.tomcat.TomcatWebServer  : Tomcat started on port 61452 (http) with context path '/'
2025-10-29T21:56:20.701Z  INFO 25008 --- [user_service] [           main] e.u.UserServiceIntegrationTest           : Started UserServiceIntegrationTest in 7.453 seconds (process running for 11.088)
2025-10-29T21:56:23.340Z  INFO 25008 --- [user_service] [o-auto-1-exec-1] o.a.c.c.C.[Tomcat].[localhost].[/]       : Initializing Spring DispatcherServlet 'dispatcherServlet'
2025-10-29T21:56:23.340Z  INFO 25008 --- [user_service] [o-auto-1-exec-1] o.s.web.servlet.DispatcherServlet        : Initializing Servlet 'dispatcherServlet'
2025-10-29T21:56:23.342Z  INFO 25008 --- [user_service] [o-auto-1-exec-1] o.s.web.servlet.DispatcherServlet        : Completed initialization in 1 ms
]]></system-out>
    <system-err><![CDATA[Mockito is currently self-attaching to enable the inline-mock-maker. This will no longer work in future releases of the JDK. Please add Mockito as an agent to your build as described in Mockito's documentation: https://javadoc.io/doc/org.mockito/mockito-core/latest/org.mockito/org/mockito/Mockito.html#0.3
WARNING: A Java agent has been loaded dynamically (C:\Users\gonca\.m2\repository\net\bytebuddy\byte-buddy-agent\1.17.7\byte-buddy-agent-1.17.7.jar)
WARNING: If a serviceability tool is in use, please run with -XX:+EnableDynamicAgentLoading to hide this warning
WARNING: If a serviceability tool is not in use, please run with -Djdk.instrument.traceUsage for more information
WARNING: Dynamic loading of agents will be disallowed by default in a future release
]]></system-err>
  </testcase>
</testsuite>